<?xml version="1.0" encoding="UTF-8"?>
<testsuite xmlns:xsi="http://www.w3.org/2001/XMLSchema-instance" xsi:noNamespaceSchemaLocation="https://maven.apache.org/surefire/maven-surefire-plugin/xsd/surefire-test-report.xsd" name="fr.univavignon.pokedex.api.WhiteBoxTest" time="0.089" tests="20" errors="0" skipped="0" failures="0">
  <properties>
    <property name="java.specification.version" value="21"/>
    <property name="sun.cpu.isalist" value="amd64"/>
    <property name="sun.jnu.encoding" value="Cp1252"/>
    <property name="java.class.path" value="C:\Users\Tiago\dev\Java\ceri-m1-techniques-de-test\target\test-classes;C:\Users\Tiago\dev\Java\ceri-m1-techniques-de-test\target\classes;C:\Users\Tiago\.m2\repository\junit\junit\4.13.2\junit-4.13.2.jar;C:\Users\Tiago\.m2\repository\org\hamcrest\hamcrest-core\1.3\hamcrest-core-1.3.jar;C:\Users\Tiago\.m2\repository\org\mockito\mockito-core\5.14.0\mockito-core-5.14.0.jar;C:\Users\Tiago\.m2\repository\net\bytebuddy\byte-buddy\1.15.2\byte-buddy-1.15.2.jar;C:\Users\Tiago\.m2\repository\net\bytebuddy\byte-buddy-agent\1.15.2\byte-buddy-agent-1.15.2.jar;C:\Users\Tiago\.m2\repository\org\objenesis\objenesis\3.3\objenesis-3.3.jar;"/>
    <property name="java.vm.vendor" value="Oracle Corporation"/>
    <property name="sun.arch.data.model" value="64"/>
    <property name="user.variant" value=""/>
    <property name="java.vendor.url" value="https://java.oracle.com/"/>
    <property name="user.timezone" value="Europe/Paris"/>
    <property name="user.country.format" value="BR"/>
    <property name="os.name" value="Windows 11"/>
    <property name="java.vm.specification.version" value="21"/>
    <property name="sun.java.launcher" value="SUN_STANDARD"/>
    <property name="user.country" value="US"/>
    <property name="sun.boot.library.path" value="C:\Languages\Java\SDK 21\bin"/>
    <property name="sun.java.command" value="C:\Users\Tiago\AppData\Local\Temp\surefire13373477660880524770\surefirebooter2487176307666269645.jar C:\Users\Tiago\AppData\Local\Temp\surefire13373477660880524770 2024-12-02T10-41-18_600-jvmRun1 surefire12782083821230892185tmp surefire_013586614593169715130tmp"/>
    <property name="jdk.debug" value="release"/>
    <property name="surefire.test.class.path" value="C:\Users\Tiago\dev\Java\ceri-m1-techniques-de-test\target\test-classes;C:\Users\Tiago\dev\Java\ceri-m1-techniques-de-test\target\classes;C:\Users\Tiago\.m2\repository\junit\junit\4.13.2\junit-4.13.2.jar;C:\Users\Tiago\.m2\repository\org\hamcrest\hamcrest-core\1.3\hamcrest-core-1.3.jar;C:\Users\Tiago\.m2\repository\org\mockito\mockito-core\5.14.0\mockito-core-5.14.0.jar;C:\Users\Tiago\.m2\repository\net\bytebuddy\byte-buddy\1.15.2\byte-buddy-1.15.2.jar;C:\Users\Tiago\.m2\repository\net\bytebuddy\byte-buddy-agent\1.15.2\byte-buddy-agent-1.15.2.jar;C:\Users\Tiago\.m2\repository\org\objenesis\objenesis\3.3\objenesis-3.3.jar;"/>
    <property name="sun.cpu.endian" value="little"/>
    <property name="user.home" value="C:\Users\Tiago"/>
    <property name="user.language" value="en"/>
    <property name="java.specification.vendor" value="Oracle Corporation"/>
    <property name="java.version.date" value="2023-10-17"/>
    <property name="java.home" value="C:\Languages\Java\SDK 21"/>
    <property name="file.separator" value="\"/>
    <property name="basedir" value="C:\Users\Tiago\dev\Java\ceri-m1-techniques-de-test"/>
    <property name="java.vm.compressedOopsMode" value="Zero based"/>
    <property name="line.separator" value="&#10;"/>
    <property name="java.vm.specification.vendor" value="Oracle Corporation"/>
    <property name="java.specification.name" value="Java Platform API Specification"/>
    <property name="surefire.real.class.path" value="C:\Users\Tiago\AppData\Local\Temp\surefire13373477660880524770\surefirebooter2487176307666269645.jar"/>
    <property name="user.script" value=""/>
    <property name="sun.management.compiler" value="HotSpot 64-Bit Tiered Compilers"/>
    <property name="java.runtime.version" value="21.0.1+12-LTS-29"/>
    <property name="user.name" value="Tiago"/>
    <property name="stdout.encoding" value="Cp1252"/>
    <property name="path.separator" value=";"/>
    <property name="os.version" value="10.0"/>
    <property name="java.runtime.name" value="Java(TM) SE Runtime Environment"/>
    <property name="file.encoding" value="UTF-8"/>
    <property name="java.vm.name" value="Java HotSpot(TM) 64-Bit Server VM"/>
    <property name="localRepository" value="C:\Users\Tiago\.m2\repository"/>
    <property name="java.vendor.url.bug" value="https://bugreport.java.com/bugreport/"/>
    <property name="java.io.tmpdir" value="C:\Users\Tiago\AppData\Local\Temp\"/>
    <property name="java.version" value="21.0.1"/>
    <property name="user.dir" value="C:\Users\Tiago\dev\Java\ceri-m1-techniques-de-test"/>
    <property name="os.arch" value="amd64"/>
    <property name="java.vm.specification.name" value="Java Virtual Machine Specification"/>
    <property name="user.language.format" value="pt"/>
    <property name="sun.os.patch.level" value=""/>
    <property name="native.encoding" value="Cp1252"/>
    <property name="java.library.path" value="C:\Languages\Java\SDK 21\bin;C:\Windows\Sun\Java\bin;C:\Windows\system32;C:\Windows;C:\Languages\Python12\Scripts\;C:\Languages\Python12\;C:\Languages\Python\;C:\Languages\Python\Scripts;C:\Program Files\Common Files\Oracle\Java\javapath;C:\Windows\system32;C:\Windows;C:\Windows\System32\Wbem;C:\Windows\System32\WindowsPowerShell\v1.0\;C:\Windows\System32\OpenSSH\;C:\Program Files (x86)\NVIDIA Corporation\PhysX\Common;C:\ProgramData\chocolatey\bin;C:\Program Files\dotnet\;C:\Languages\Xampp\mysql\bin;C:\Program Files (x86)\Windows Kits\10\Windows Performance Toolkit\;C:\Languages\Cpp\mysys2-compilers\mingw64\bin;C:\Program Files\Git\cmd;C:\Program Files\Docker\Docker\resources\bin;C:\Program Files\Kubernetes\Minikube;C:\ProgramData\chocolatey\lib\maven\apache-maven-3.9.9\bin;C:\Languages\Nodejs\Node22\;C:\Users\Tiago\AppData\Roaming\npm;C:\Languages\Python38\Scripts\;C:\Languages\Python38\;C:\Languages\Python12\Scripts\;C:\Languages\Python12\;C:\Users\Tiago\AppData\Local\Programs\Python\Launcher\;C:\Languages\Python10\Scripts\;C:\Languages\Python10\;C:\Users\Tiago\.cargo\bin;C:\Users\Tiago\AppData\Local\Microsoft\WindowsApps;C:\Users\Tiago\.dotnet\tools;C:\Languages\Python34\;C:\Languages\Python34\Scprits\;C:\Languages\Xampp\mysql\bin;C:\Users\Tiago\AppData\Local\Programs\Microsoft VS Code\bin;C:\Users\Tiago\AppData\Roaming\npm;C:\Languages\Nodejs\Node22;C:\Languages\Nodejs\Node22\node_modules\npm;;."/>
    <property name="java.vm.info" value="mixed mode, sharing"/>
    <property name="stderr.encoding" value="Cp1252"/>
    <property name="java.vendor" value="Oracle Corporation"/>
    <property name="java.vm.version" value="21.0.1+12-LTS-29"/>
    <property name="sun.io.unicode.encoding" value="UnicodeLittle"/>
    <property name="java.class.version" value="65.0"/>
  </properties>
  <testcase name="testCreateTrainer_NullPokedexFactory" classname="fr.univavignon.pokedex.api.WhiteBoxTest" time="0.013"/>
  <testcase name="testGetPokemonsComparateEmptyList" classname="fr.univavignon.pokedex.api.WhiteBoxTest" time="0.002"/>
  <testcase name="testPokedexBaseValues" classname="fr.univavignon.pokedex.api.WhiteBoxTest" time="0.001"/>
  <testcase name="testingIPokemonFactoryInvalidIndex" classname="fr.univavignon.pokedex.api.WhiteBoxTest" time="0"/>
  <testcase name="testPokedexFactoryInstancingBothNull" classname="fr.univavignon.pokedex.api.WhiteBoxTest" time="0"/>
  <testcase name="testCreateTrainer_NullName" classname="fr.univavignon.pokedex.api.WhiteBoxTest" time="0.001"/>
  <testcase name="testCreateTrainer_NullTeam" classname="fr.univavignon.pokedex.api.WhiteBoxTest" time="0"/>
  <testcase name="testAddPokemon_NullPokemon" classname="fr.univavignon.pokedex.api.WhiteBoxTest" time="0"/>
  <testcase name="testPokedexFactoryInstancing" classname="fr.univavignon.pokedex.api.WhiteBoxTest" time="0"/>
  <testcase name="testAddPokemonsNullComparator" classname="fr.univavignon.pokedex.api.WhiteBoxTest" time="0"/>
  <testcase name="testPokedexFactoryInstancingFirstNull" classname="fr.univavignon.pokedex.api.WhiteBoxTest" time="0"/>
  <testcase name="testPokedexFactoryInstancingSecondNull" classname="fr.univavignon.pokedex.api.WhiteBoxTest" time="0"/>
  <testcase name="testIPokedex" classname="fr.univavignon.pokedex.api.WhiteBoxTest" time="0.001"/>
  <testcase name="testingIPokemonFactoryBoundaries" classname="fr.univavignon.pokedex.api.WhiteBoxTest" time="0"/>
  <testcase name="testPokedexGetPokemonOutOfBounds" classname="fr.univavignon.pokedex.api.WhiteBoxTest" time="0"/>
  <testcase name="testCreateTrainer_ValidInputs" classname="fr.univavignon.pokedex.api.WhiteBoxTest" time="0.001"/>
  <testcase name="testCreateTrainer_EmptyName" classname="fr.univavignon.pokedex.api.WhiteBoxTest" time="0.001"/>
  <testcase name="testingIPokemonMetadataProviderInvalidIndex" classname="fr.univavignon.pokedex.api.WhiteBoxTest" time="0"/>
  <testcase name="testingIPokemonMetadataProvider" classname="fr.univavignon.pokedex.api.WhiteBoxTest" time="0"/>
  <testcase name="testingIPokemonFactoryValidIndex" classname="fr.univavignon.pokedex.api.WhiteBoxTest" time="0"/>
</testsuite>